<?xml version="1.0" encoding="UTF-8"?>
<coverage generated="1633714771702" clover="3.2.0">
  <project timestamp="1633714771702" name="All files">
    <metrics statements="7" coveredstatements="7" conditionals="0" coveredconditionals="0" methods="3" coveredmethods="3" elements="10" coveredelements="10" complexity="0" loc="7" ncloc="7" packages="2" files="4" classes="4"/>
    <package name="js">
      <metrics statements="6" coveredstatements="6" conditionals="0" coveredconditionals="0" methods="3" coveredmethods="3"/>
      <file name="cloneArray.js" path="C:\Dev\TomsCode\JavaScript-Code\Introduction-to-testing\js\cloneArray.js">
        <metrics statements="2" coveredstatements="2" conditionals="0" coveredconditionals="0" methods="1" coveredmethods="1"/>
        <line num="2" count="1" type="stmt"/>
        <line num="5" count="1" type="stmt"/>
      </file>
      <file name="subtract.js" path="C:\Dev\TomsCode\JavaScript-Code\Introduction-to-testing\js\subtract.js">
        <metrics statements="2" coveredstatements="2" conditionals="0" coveredconditionals="0" methods="1" coveredmethods="1"/>
        <line num="2" count="1" type="stmt"/>
        <line num="5" count="1" type="stmt"/>
      </file>
      <file name="sum.js" path="C:\Dev\TomsCode\JavaScript-Code\Introduction-to-testing\js\sum.js">
        <metrics statements="2" coveredstatements="2" conditionals="0" coveredconditionals="0" methods="1" coveredmethods="1"/>
        <line num="4" count="2" type="stmt"/>
        <line num="7" count="1" type="stmt"/>
      </file>
    </package>
    <package name="js.data">
      <metrics statements="1" coveredstatements="1" conditionals="0" coveredconditionals="0" methods="0" coveredmethods="0"/>
      <file name="items.js" path="C:\Dev\TomsCode\JavaScript-Code\Introduction-to-testing\js\data\items.js">
        <metrics statements="1" coveredstatements="1" conditionals="0" coveredconditionals="0" methods="0" coveredmethods="0"/>
        <line num="1" count="1" type="stmt"/>
      </file>
    </package>
  </project>
</coverage>
