<?xml version="1.0" encoding="UTF-8"?>
<coverage generated="1633983890085" clover="3.2.0">
  <project timestamp="1633983890085" name="All files">
    <metrics statements="10" coveredstatements="10" conditionals="0" coveredconditionals="0" methods="4" coveredmethods="4" elements="14" coveredelements="14" complexity="0" loc="10" ncloc="10" packages="1" files="5" classes="5"/>
    <file name="assignVariable.js" path="C:\Dev\TomsCode\JavaScript-Code\Introduction-to-testing\js\tests\assignVariable.js">
      <metrics statements="3" coveredstatements="3" conditionals="0" coveredconditionals="0" methods="1" coveredmethods="1"/>
      <line num="2" count="2" type="stmt"/>
      <line num="3" count="2" type="stmt"/>
      <line num="6" count="1" type="stmt"/>
    </file>
    <file name="dependantFunction.js" path="C:\Dev\TomsCode\JavaScript-Code\Introduction-to-testing\js\tests\dependantFunction.js">
      <metrics statements="2" coveredstatements="2" conditionals="0" coveredconditionals="0" methods="1" coveredmethods="1"/>
      <line num="2" count="1" type="stmt"/>
      <line num="6" count="1" type="stmt"/>
    </file>
    <file name="items.js" path="C:\Dev\TomsCode\JavaScript-Code\Introduction-to-testing\js\tests\items.js">
      <metrics statements="1" coveredstatements="1" conditionals="0" coveredconditionals="0" methods="0" coveredmethods="0"/>
      <line num="1" count="1" type="stmt"/>
    </file>
    <file name="subtract.js" path="C:\Dev\TomsCode\JavaScript-Code\Introduction-to-testing\js\tests\subtract.js">
      <metrics statements="2" coveredstatements="2" conditionals="0" coveredconditionals="0" methods="1" coveredmethods="1"/>
      <line num="2" count="3" type="stmt"/>
      <line num="5" count="1" type="stmt"/>
    </file>
    <file name="sum.js" path="C:\Dev\TomsCode\JavaScript-Code\Introduction-to-testing\js\tests\sum.js">
      <metrics statements="2" coveredstatements="2" conditionals="0" coveredconditionals="0" methods="1" coveredmethods="1"/>
      <line num="4" count="15" type="stmt"/>
      <line num="7" count="1" type="stmt"/>
    </file>
  </project>
</coverage>
