{"C:\\Dev\\TomsCode\\JavaScript-Code\\Introduction-to-testing\\js\\tests\\assignVariable.js": {"path":"C:\\Dev\\TomsCode\\JavaScript-Code\\Introduction-to-testing\\js\\tests\\assignVariable.js","statementMap":{"0":{"start":{"line":2,"column":4},"end":{"line":2,"column":36}},"1":{"start":{"line":3,"column":4},"end":{"line":3,"column":22}},"2":{"start":{"line":6,"column":0},"end":{"line":6,"column":31}}},"fnMap":{"0":{"name":"assignVariable","decl":{"start":{"line":1,"column":9},"end":{"line":1,"column":23}},"loc":{"start":{"line":1,"column":26},"end":{"line":4,"column":1}},"line":1}},"branchMap":{},"s":{"0":2,"1":2,"2":1},"f":{"0":2},"b":{},"_coverageSchema":"1a1c01bbd47fc00a2c39e90264f33305004495a9","hash":"39b7fe8306b5d3de3b710f72b914dfb6e051c922"}
,"C:\\Dev\\TomsCode\\JavaScript-Code\\Introduction-to-testing\\js\\tests\\dependantFunction.js": {"path":"C:\\Dev\\TomsCode\\JavaScript-Code\\Introduction-to-testing\\js\\tests\\dependantFunction.js","statementMap":{"0":{"start":{"line":2,"column":4},"end":{"line":2,"column":29}},"1":{"start":{"line":6,"column":0},"end":{"line":6,"column":24}}},"fnMap":{"0":{"name":"addNado","decl":{"start":{"line":1,"column":9},"end":{"line":1,"column":16}},"loc":{"start":{"line":1,"column":27},"end":{"line":3,"column":3}},"line":1}},"branchMap":{},"s":{"0":1,"1":1},"f":{"0":1},"b":{},"_coverageSchema":"1a1c01bbd47fc00a2c39e90264f33305004495a9","hash":"7d7e3a1c49bcf17a6e80ec63bccb048faf735f92"}
,"C:\\Dev\\TomsCode\\JavaScript-Code\\Introduction-to-testing\\js\\tests\\items.js": {"path":"C:\\Dev\\TomsCode\\JavaScript-Code\\Introduction-to-testing\\js\\tests\\items.js","statementMap":{"0":{"start":{"line":1,"column":0},"end":{"line":26,"column":1}}},"fnMap":{},"branchMap":{},"s":{"0":1},"f":{},"b":{},"_coverageSchema":"1a1c01bbd47fc00a2c39e90264f33305004495a9","hash":"f5965e84dca7a252e6365d44595702e1b6546f51"}
,"C:\\Dev\\TomsCode\\JavaScript-Code\\Introduction-to-testing\\js\\tests\\subtract.js": {"path":"C:\\Dev\\TomsCode\\JavaScript-Code\\Introduction-to-testing\\js\\tests\\subtract.js","statementMap":{"0":{"start":{"line":2,"column":4},"end":{"line":2,"column":19}},"1":{"start":{"line":5,"column":0},"end":{"line":5,"column":25}}},"fnMap":{"0":{"name":"subtract","decl":{"start":{"line":1,"column":9},"end":{"line":1,"column":17}},"loc":{"start":{"line":1,"column":23},"end":{"line":3,"column":1}},"line":1}},"branchMap":{},"s":{"0":3,"1":1},"f":{"0":3},"b":{},"_coverageSchema":"1a1c01bbd47fc00a2c39e90264f33305004495a9","hash":"97e3853f5b8318bc83c56a3805686d4e8fbae596"}
,"C:\\Dev\\TomsCode\\JavaScript-Code\\Introduction-to-testing\\js\\tests\\sum.js": {"path":"C:\\Dev\\TomsCode\\JavaScript-Code\\Introduction-to-testing\\js\\tests\\sum.js","statementMap":{"0":{"start":{"line":4,"column":4},"end":{"line":4,"column":19}},"1":{"start":{"line":7,"column":0},"end":{"line":7,"column":20}}},"fnMap":{"0":{"name":"sum","decl":{"start":{"line":3,"column":9},"end":{"line":3,"column":12}},"loc":{"start":{"line":3,"column":19},"end":{"line":5,"column":1}},"line":3}},"branchMap":{},"s":{"0":15,"1":1},"f":{"0":15},"b":{},"_coverageSchema":"1a1c01bbd47fc00a2c39e90264f33305004495a9","hash":"654e8f7ddf2e2f05489ca96aad50ff4368c74294"}
}
