{"C:\\Dev\\TomsCode\\JavaScript-Code\\Introduction-to-testing\\js\\cloneArray.js": {"path":"C:\\Dev\\TomsCode\\JavaScript-Code\\Introduction-to-testing\\js\\cloneArray.js","statementMap":{"0":{"start":{"line":2,"column":4},"end":{"line":2,"column":20}},"1":{"start":{"line":5,"column":0},"end":{"line":5,"column":27}}},"fnMap":{"0":{"name":"cloneArray","decl":{"start":{"line":1,"column":9},"end":{"line":1,"column":19}},"loc":{"start":{"line":1,"column":27},"end":{"line":3,"column":1}},"line":1}},"branchMap":{},"s":{"0":1,"1":1},"f":{"0":1},"b":{},"_coverageSchema":"1a1c01bbd47fc00a2c39e90264f33305004495a9","hash":"e1d7d8656756becc6416f8f50bcee5536cf2d1e7"}
,"C:\\Dev\\TomsCode\\JavaScript-Code\\Introduction-to-testing\\js\\subtract.js": {"path":"C:\\Dev\\TomsCode\\JavaScript-Code\\Introduction-to-testing\\js\\subtract.js","statementMap":{"0":{"start":{"line":2,"column":4},"end":{"line":2,"column":19}},"1":{"start":{"line":5,"column":0},"end":{"line":5,"column":25}}},"fnMap":{"0":{"name":"subtract","decl":{"start":{"line":1,"column":9},"end":{"line":1,"column":17}},"loc":{"start":{"line":1,"column":23},"end":{"line":3,"column":1}},"line":1}},"branchMap":{},"s":{"0":2,"1":1},"f":{"0":2},"b":{},"_coverageSchema":"1a1c01bbd47fc00a2c39e90264f33305004495a9","hash":"4e4468fde39ca6bec5383ba09b5b45cdf3f74797"}
,"C:\\Dev\\TomsCode\\JavaScript-Code\\Introduction-to-testing\\js\\sum.js": {"path":"C:\\Dev\\TomsCode\\JavaScript-Code\\Introduction-to-testing\\js\\sum.js","statementMap":{"0":{"start":{"line":4,"column":4},"end":{"line":4,"column":15}},"1":{"start":{"line":7,"column":0},"end":{"line":7,"column":20}}},"fnMap":{"0":{"name":"sum","decl":{"start":{"line":3,"column":9},"end":{"line":3,"column":12}},"loc":{"start":{"line":3,"column":19},"end":{"line":5,"column":1}},"line":3}},"branchMap":{},"s":{"0":2,"1":1},"f":{"0":2},"b":{},"_coverageSchema":"1a1c01bbd47fc00a2c39e90264f33305004495a9","hash":"0db1e72e2532a3fdffd70fcd24b51e78f0342f7b"}
,"C:\\Dev\\TomsCode\\JavaScript-Code\\Introduction-to-testing\\js\\data\\items.js": {"path":"C:\\Dev\\TomsCode\\JavaScript-Code\\Introduction-to-testing\\js\\data\\items.js","statementMap":{"0":{"start":{"line":1,"column":0},"end":{"line":26,"column":1}}},"fnMap":{},"branchMap":{},"s":{"0":1},"f":{},"b":{},"_coverageSchema":"1a1c01bbd47fc00a2c39e90264f33305004495a9","hash":"f05081d863d51eb3d915c81aac62d5a9b99958b6"}
}
