TN:
SF:js\tests\assignVariable.js
FN:1,assignVariable
FNF:1
FNH:1
FNDA:2,assignVariable
DA:2,2
DA:3,2
DA:6,1
LF:3
LH:3
BRF:0
BRH:0
end_of_record
TN:
SF:js\tests\dependantFunction.js
FN:1,addNado
FNF:1
FNH:1
FNDA:1,addNado
DA:2,1
DA:6,1
LF:2
LH:2
BRF:0
BRH:0
end_of_record
TN:
SF:js\tests\items.js
FNF:0
FNH:0
DA:1,1
LF:1
LH:1
BRF:0
BRH:0
end_of_record
TN:
SF:js\tests\subtract.js
FN:1,subtract
FNF:1
FNH:1
FNDA:3,subtract
DA:2,3
DA:5,1
LF:2
LH:2
BRF:0
BRH:0
end_of_record
TN:
SF:js\tests\sum.js
FN:3,sum
FNF:1
FNH:1
FNDA:15,sum
DA:4,15
DA:7,1
LF:2
LH:2
BRF:0
BRH:0
end_of_record
